d:\users\user\documents\cg-activities\hellotriangle\hellotriangle\x64\debug\vc142.pdb
d:\users\user\documents\cg-activities\hellotriangle\hellotriangle\x64\debug\vc142.idb
d:\users\user\documents\cg-activities\hellotriangle\hellotriangle\x64\debug\glad.obj
d:\users\user\documents\cg-activities\hellotriangle\hellotriangle\x64\debug\ex1.obj
d:\users\user\documents\cg-activities\hellotriangle\hellotriangle\x64\debug\ex2.obj
d:\users\user\documents\cg-activities\hellotriangle\x64\debug\hellotriangle.ilk
d:\users\user\documents\cg-activities\hellotriangle\x64\debug\hellotriangle.exe
d:\users\user\documents\cg-activities\hellotriangle\x64\debug\hellotriangle.pdb
d:\users\user\documents\cg-activities\hellotriangle\hellotriangle\x64\debug\source.obj
d:\users\user\documents\cg-activities\hellotriangle\hellotriangle\x64\debug\hellotriangle.tlog\cl.command.1.tlog
d:\users\user\documents\cg-activities\hellotriangle\hellotriangle\x64\debug\hellotriangle.tlog\cl.read.1.tlog
d:\users\user\documents\cg-activities\hellotriangle\hellotriangle\x64\debug\hellotriangle.tlog\cl.write.1.tlog
d:\users\user\documents\cg-activities\hellotriangle\hellotriangle\x64\debug\hellotriangle.tlog\link.15672-cvtres.read.1.tlog
d:\users\user\documents\cg-activities\hellotriangle\hellotriangle\x64\debug\hellotriangle.tlog\link.15672-cvtres.write.1.tlog
d:\users\user\documents\cg-activities\hellotriangle\hellotriangle\x64\debug\hellotriangle.tlog\link.15672-rc.read.1.tlog
d:\users\user\documents\cg-activities\hellotriangle\hellotriangle\x64\debug\hellotriangle.tlog\link.15672-rc.write.1.tlog
d:\users\user\documents\cg-activities\hellotriangle\hellotriangle\x64\debug\hellotriangle.tlog\link.15672.read.1.tlog
d:\users\user\documents\cg-activities\hellotriangle\hellotriangle\x64\debug\hellotriangle.tlog\link.15672.write.1.tlog
d:\users\user\documents\cg-activities\hellotriangle\hellotriangle\x64\debug\hellotriangle.tlog\link.command.1.tlog
d:\users\user\documents\cg-activities\hellotriangle\hellotriangle\x64\debug\hellotriangle.tlog\link.read.1.tlog
d:\users\user\documents\cg-activities\hellotriangle\hellotriangle\x64\debug\hellotriangle.tlog\link.write.1.tlog
